<?xml version="1.0" encoding="utf-8"?>
<test-run id="2" testcasecount="3" result="Passed" total="3" passed="3" failed="0" inconclusive="0" skipped="0" asserts="0" engine-version="3.5.0.0" clr-version="4.0.30319.42000" start-time="2026-06-11 02:32:58Z" end-time="2026-06-11 02:33:21Z" duration="23.2579002">
  <test-suite type="TestSuite" id="1007" name="PaperFold" fullname="PaperFold" runstate="Runnable" testcasecount="3" result="Passed" start-time="2026-06-11 02:32:58Z" end-time="2026-06-11 02:33:21Z" duration="23.257900" total="3" passed="3" failed="0" inconclusive="0" skipped="0" asserts="0">
    <properties>
      <property name="platform" value="PlayMode" />
    </properties>
    <test-suite type="Assembly" id="1005" name="PaperFold.Tests.dll" fullname="/Users/limboenedmund/Documents/apps/unity/JJ26/PaperFold/Library/ScriptAssemblies/PaperFold.Tests.dll" runstate="Runnable" testcasecount="3" result="Passed" start-time="2026-06-11 02:32:58Z" end-time="2026-06-11 02:33:21Z" duration="23.254890" total="3" passed="3" failed="0" inconclusive="0" skipped="0" asserts="0">
      <properties>
        <property name="_PID" value="28757" />
        <property name="_APPDOMAIN" value="Unity Child Domain" />
        <property name="platform" value="PlayMode" />
        <property name="EditorOnly" value="False" />
      </properties>
      <test-suite type="TestFixture" id="1001" name="SmokeTests" fullname="SmokeTests" classname="SmokeTests" runstate="Runnable" testcasecount="3" result="Passed" start-time="2026-06-11 02:32:58Z" end-time="2026-06-11 02:33:21Z" duration="23.254241" total="3" passed="3" failed="0" inconclusive="0" skipped="0" asserts="0">
        <properties />
        <test-case id="1003" name="BallChute_NoInputLaunchClearsThePit" fullname="SmokeTests.BallChute_NoInputLaunchClearsThePit" methodname="BallChute_NoInputLaunchClearsThePit" classname="SmokeTests" runstate="Runnable" seed="1613294420" result="Passed" start-time="2026-06-11 02:32:58Z" end-time="2026-06-11 02:33:05Z" duration="7.077592" asserts="0">
          <properties>
            <property name="_JOINTYPE" value="UnityCombinatorial" />
            <property name="retryIteration" value="0" />
            <property name="repeatIteration" value="0" />
          </properties>
        </test-case>
        <test-case id="1002" name="LevelLoads_PlayerSimulates_AndKillRespawnWorks" fullname="SmokeTests.LevelLoads_PlayerSimulates_AndKillRespawnWorks" methodname="LevelLoads_PlayerSimulates_AndKillRespawnWorks" classname="SmokeTests" runstate="Runnable" seed="1141043289" result="Passed" start-time="2026-06-11 02:33:05Z" end-time="2026-06-11 02:33:08Z" duration="3.520353" asserts="0">
          <properties>
            <property name="_JOINTYPE" value="UnityCombinatorial" />
            <property name="retryIteration" value="0" />
            <property name="repeatIteration" value="0" />
          </properties>
        </test-case>
        <test-case id="1004" name="PlaneGlide_NoInputReachesTheFinalPlatform" fullname="SmokeTests.PlaneGlide_NoInputReachesTheFinalPlatform" methodname="PlaneGlide_NoInputReachesTheFinalPlatform" classname="SmokeTests" runstate="Runnable" seed="1067083502" result="Passed" start-time="2026-06-11 02:33:08Z" end-time="2026-06-11 02:33:21Z" duration="12.652127" asserts="0">
          <properties>
            <property name="_JOINTYPE" value="UnityCombinatorial" />
            <property name="retryIteration" value="0" />
            <property name="repeatIteration" value="0" />
          </properties>
          <output><![CDATA[Saving results to: /Users/limboenedmund/Documents/apps/unity/JJ26/test-results9.xml
]]></output>
        </test-case>
      </test-suite>
    </test-suite>
  </test-suite>
</test-run>