<?xml version="1.0" encoding="utf-8"?>
<test-run id="2" testcasecount="3" result="Failed(Child)" total="3" passed="2" failed="1" inconclusive="0" skipped="0" asserts="0" engine-version="3.5.0.0" clr-version="4.0.30319.42000" start-time="2026-06-11 02:23:47Z" end-time="2026-06-11 02:24:11Z" duration="23.9509259">
  <test-suite type="TestSuite" id="1007" name="PaperFold" fullname="PaperFold" runstate="Runnable" testcasecount="3" result="Failed" site="Child" start-time="2026-06-11 02:23:47Z" end-time="2026-06-11 02:24:11Z" duration="23.950926" total="3" passed="2" failed="1" inconclusive="0" skipped="0" asserts="0">
    <properties>
      <property name="platform" value="PlayMode" />
    </properties>
    <failure>
      <message><![CDATA[One or more child tests had errors]]></message>
    </failure>
    <test-suite type="Assembly" id="1005" name="PaperFold.Tests.dll" fullname="/Users/limboenedmund/Documents/apps/unity/JJ26/PaperFold/Library/ScriptAssemblies/PaperFold.Tests.dll" runstate="Runnable" testcasecount="3" result="Failed" site="Child" start-time="2026-06-11 02:23:47Z" end-time="2026-06-11 02:24:11Z" duration="23.947826" total="3" passed="2" failed="1" inconclusive="0" skipped="0" asserts="0">
      <properties>
        <property name="_PID" value="22444" />
        <property name="_APPDOMAIN" value="Unity Child Domain" />
        <property name="platform" value="PlayMode" />
        <property name="EditorOnly" value="False" />
      </properties>
      <failure>
        <message><![CDATA[One or more child tests had errors]]></message>
      </failure>
      <test-suite type="TestFixture" id="1001" name="SmokeTests" fullname="SmokeTests" classname="SmokeTests" runstate="Runnable" testcasecount="3" result="Failed" site="Child" start-time="2026-06-11 02:23:47Z" end-time="2026-06-11 02:24:11Z" duration="23.947023" total="3" passed="2" failed="1" inconclusive="0" skipped="0" asserts="0">
        <properties />
        <failure>
          <message><![CDATA[One or more child tests had errors]]></message>
        </failure>
        <test-case id="1003" name="BallChute_NoInputLaunchClearsThePit" fullname="SmokeTests.BallChute_NoInputLaunchClearsThePit" methodname="BallChute_NoInputLaunchClearsThePit" classname="SmokeTests" runstate="Runnable" seed="1101141097" result="Failed" start-time="2026-06-11 02:23:47Z" end-time="2026-06-11 02:23:55Z" duration="7.776324" asserts="0">
          <properties>
            <property name="_JOINTYPE" value="UnityCombinatorial" />
            <property name="retryIteration" value="0" />
            <property name="repeatIteration" value="0" />
          </properties>
          <failure>
            <message><![CDATA[  Ball did not clear the pit (max x 150.46, lip velocity (9.04, 5.22))
  Expected: greater than 156.5f
  But was:  -12.0f
]]></message>
            <stack-trace><![CDATA[at SmokeTests+<BallChute_NoInputLaunchClearsThePit>d__1.MoveNext () [0x001b4] in /Users/limboenedmund/Documents/apps/unity/JJ26/PaperFold/Assets/Tests/SmokeTests.cs:78
at UnityEngine.TestTools.TestEnumerator+<Execute>d__7.MoveNext () [0x0003a] in ./Library/PackageCache/com.unity.test-framework@996f223345ba/UnityEngine.TestRunner/NUnitExtensions/Attributes/TestEnumerator.cs:44
]]></stack-trace>
          </failure>
        </test-case>
        <test-case id="1002" name="LevelLoads_PlayerSimulates_AndKillRespawnWorks" fullname="SmokeTests.LevelLoads_PlayerSimulates_AndKillRespawnWorks" methodname="LevelLoads_PlayerSimulates_AndKillRespawnWorks" classname="SmokeTests" runstate="Runnable" seed="1327643260" result="Passed" start-time="2026-06-11 02:23:55Z" end-time="2026-06-11 02:23:59Z" duration="3.515128" asserts="0">
          <properties>
            <property name="_JOINTYPE" value="UnityCombinatorial" />
            <property name="retryIteration" value="0" />
            <property name="repeatIteration" value="0" />
          </properties>
        </test-case>
        <test-case id="1004" name="PlaneGlide_NoInputReachesTheFinalPlatform" fullname="SmokeTests.PlaneGlide_NoInputReachesTheFinalPlatform" methodname="PlaneGlide_NoInputReachesTheFinalPlatform" classname="SmokeTests" runstate="Runnable" seed="612196925" result="Passed" start-time="2026-06-11 02:23:59Z" end-time="2026-06-11 02:24:11Z" duration="12.651050" asserts="0">
          <properties>
            <property name="_JOINTYPE" value="UnityCombinatorial" />
            <property name="retryIteration" value="0" />
            <property name="repeatIteration" value="0" />
          </properties>
          <output><![CDATA[Saving results to: /Users/limboenedmund/Documents/apps/unity/JJ26/test-results7.xml
]]></output>
        </test-case>
      </test-suite>
    </test-suite>
  </test-suite>
</test-run>